[2024-04-25 19:16:11] PATH FILE: ./archivos
[2024-04-25 19:16:11] INVENTORY FILES: file_001.csv
[2024-04-25 19:16:11] LOG FILE: file_log.log
[2024-04-25 19:16:11] NUM SUCURSALES: 5
[2024-04-25 19:16:11] NUM PROCESOS: 5
[2024-04-25 19:16:11] SIMULATE SLEEP: 10
[2024-04-25 19:16:11] Archivos creados correctamente: consolidado.csv y file_log.log
[2024-04-25 19:16:11] Procesando sucursal : SU004
[2024-04-25 19:16:11] Archivo: ./archivos/SU004_COMPRA03_25042024.csv procesado 
[2024-04-25 19:16:11] Archivo: ./archivos/SU004_COMPRA03_25042024.csv procesado 
[2024-04-25 19:16:11] Archivo: ./archivos/SU004_COMPRA03_25042024.csv procesado 
[2024-04-25 19:16:11] Archivo: ./archivos/SU004_COMPRA03_25042024.csv procesado 
[2024-04-25 19:16:11] Archivo: ./archivos/SU004_COMPRA03_25042024.csv procesado 
[2024-04-25 19:16:11] Archivo: ./archivos/SU004_COMPRA03_25042024.csv procesado 
[2024-04-25 19:16:11] Archivo: ./archivos/SU004_COMPRA03_25042024.csv procesado 
[2024-04-25 19:16:11] Archivo: ./archivos/SU004_COMPRA03_25042024.csv procesado 
[2024-04-25 19:16:11] Archivo: ./archivos/SU004_COMPRA03_25042024.csv procesado 
[2024-04-25 19:16:11] Archivo: ./archivos/SU004_COMPRA03_25042024.csv procesado 
[2024-04-25 19:16:11] Archivo: ./archivos/SU004_COMPRA03_25042024.csv procesado 
[2024-04-25 19:16:11] Archivo: ./archivos/SU004_COMPRA03_25042024.csv procesado 
[2024-04-25 19:16:11] Archivo: ./archivos/SU004_COMPRA03_25042024.csv procesado 
[2024-04-25 19:16:11] Archivo: ./archivos/SU004_COMPRA03_25042024.csv procesado 
[2024-04-25 19:16:11] Archivo: ./archivos/SU004_COMPRA03_25042024.csv procesado 
[2024-04-25 19:16:11] Archivo: ./archivos/SU004_COMPRA03_25042024.csv procesado 
[2024-04-25 19:16:11] Archivo: ./archivos/SU004_COMPRA03_25042024.csv procesado 
[2024-04-25 19:16:11] Archivo: ./archivos/SU004_COMPRA03_25042024.csv procesado 
[2024-04-25 19:16:11] Archivo: ./archivos/SU004_COMPRA03_25042024.csv procesado 
[2024-04-25 19:16:11] Archivo: ./archivos/SU004_COMPRA03_25042024.csv procesado 
[2024-04-25 19:16:11] Archivo: ./archivos/SU004_COMPRA03_25042024.csv procesado 
[2024-04-25 19:16:11] Archivo: ./archivos/SU004_COMPRA03_25042024.csv procesado 
[2024-04-25 19:16:11] Archivo: ./archivos/SU004_COMPRA03_25042024.csv procesado 
[2024-04-25 19:16:11] Archivo: ./archivos/SU004_COMPRA03_25042024.csv procesado 
[2024-04-25 19:16:11] Archivo: ./archivos/SU004_COMPRA03_25042024.csv procesado 
[2024-04-25 19:16:11] Archivo: ./archivos/SU004_COMPRA03_25042024.csv procesado 
[2024-04-25 19:16:11] Archivo: ./archivos/SU004_COMPRA03_25042024.csv procesado 
[2024-04-25 19:16:11] Archivo: ./archivos/SU004_COMPRA03_25042024.csv procesado 
[2024-04-25 19:16:11] Archivo: ./archivos/SU004_COMPRA03_25042024.csv procesado 
[2024-04-25 19:16:11] Archivo: ./archivos/SU004_COMPRA03_25042024.csv procesado 
[2024-04-25 19:16:11] Archivo: ./archivos/SU004_COMPRA03_25042024.csv procesado 
[2024-04-25 19:16:11] Archivo: ./archivos/SU004_COMPRA03_25042024.csv procesado 
[2024-04-25 19:16:11] Archivo: ./archivos/SU004_COMPRA03_25042024.csv procesado 
[2024-04-25 19:16:11] Archivo: ./archivos/SU004_COMPRA03_25042024.csv procesado 
[2024-04-25 19:16:11] Archivo: ./archivos/SU004_COMPRA03_25042024.csv procesado 
[2024-04-25 19:16:11] Archivo: ./archivos/SU004_COMPRA03_25042024.csv procesado 
[2024-04-25 19:16:11] Archivo: ./archivos/SU004_COMPRA03_25042024.csv procesado 
[2024-04-25 19:16:11] Archivo: ./archivos/SU004_COMPRA03_25042024.csv procesado 
[2024-04-25 19:16:11] Archivo: ./archivos/SU004_COMPRA03_25042024.csv procesado 
[2024-04-25 19:16:11] Archivo: ./archivos/SU004_COMPRA03_25042024.csv procesado 
[2024-04-25 19:16:11] Archivo: ./archivos/SU004_COMPRA03_25042024.csv procesado 
[2024-04-25 19:16:11] Archivo: ./archivos/SU004_COMPRA03_25042024.csv procesado 
[2024-04-25 19:16:11] Archivo: ./archivos/SU004_COMPRA03_25042024.csv procesado 
[2024-04-25 19:16:11] Archivo: ./archivos/SU004_COMPRA03_25042024.csv procesado 
[2024-04-25 19:16:11] Archivo: ./archivos/SU004_COMPRA03_25042024.csv procesado 
[2024-04-25 19:16:11] Archivo: ./archivos/SU004_COMPRA03_25042024.csv procesado 
[2024-04-25 19:16:11] Archivo: ./archivos/SU004_COMPRA03_25042024.csv procesado 
[2024-04-25 19:16:11] Archivo: ./archivos/SU004_COMPRA03_25042024.csv procesado 
[2024-04-25 19:16:11] Archivo: ./archivos/SU004_COMPRA03_25042024.csv procesado 
[2024-04-25 19:16:11] Archivo: ./archivos/SU004_COMPRA03_25042024.csv procesado 
[2024-04-25 19:16:11] Procesando sucursal : SU005
[2024-04-25 19:16:11] Archivo: ./archivos/SU005_COMPRA01_25042024.csv procesado 
[2024-04-25 19:16:11] Archivo: ./archivos/SU005_COMPRA01_25042024.csv procesado 
[2024-04-25 19:16:11] Archivo: ./archivos/SU005_COMPRA01_25042024.csv procesado 
[2024-04-25 19:16:11] Archivo: ./archivos/SU005_COMPRA01_25042024.csv procesado 
[2024-04-25 19:16:11] Archivo: ./archivos/SU005_COMPRA01_25042024.csv procesado 
[2024-04-25 19:16:11] Archivo: ./archivos/SU005_COMPRA01_25042024.csv procesado 
[2024-04-25 19:16:11] Archivo: ./archivos/SU005_COMPRA01_25042024.csv procesado 
[2024-04-25 19:16:11] Archivo: ./archivos/SU005_COMPRA01_25042024.csv procesado 
[2024-04-25 19:16:11] Archivo: ./archivos/SU005_COMPRA01_25042024.csv procesado 
[2024-04-25 19:16:11] Archivo: ./archivos/SU005_COMPRA01_25042024.csv procesado 
[2024-04-25 19:16:11] Archivo: ./archivos/SU005_COMPRA01_25042024.csv procesado 
[2024-04-25 19:16:11] Archivo: ./archivos/SU005_COMPRA01_25042024.csv procesado 
[2024-04-25 19:16:11] Archivo: ./archivos/SU005_COMPRA01_25042024.csv procesado 
[2024-04-25 19:16:11] Archivo: ./archivos/SU005_COMPRA01_25042024.csv procesado 
[2024-04-25 19:16:11] Archivo: ./archivos/SU005_COMPRA01_25042024.csv procesado 
[2024-04-25 19:16:11] Archivo: ./archivos/SU005_COMPRA01_25042024.csv procesado 
[2024-04-25 19:16:11] Archivo: ./archivos/SU005_COMPRA01_25042024.csv procesado 
[2024-04-25 19:16:11] Archivo: ./archivos/SU005_COMPRA01_25042024.csv procesado 
[2024-04-25 19:16:11] Archivo: ./archivos/SU005_COMPRA01_25042024.csv procesado 
[2024-04-25 19:16:11] Archivo: ./archivos/SU005_COMPRA01_25042024.csv procesado 
[2024-04-25 19:16:11] Archivo: ./archivos/SU005_COMPRA01_25042024.csv procesado 
[2024-04-25 19:16:11] Archivo: ./archivos/SU005_COMPRA01_25042024.csv procesado 
[2024-04-25 19:16:11] Archivo: ./archivos/SU005_COMPRA01_25042024.csv procesado 
[2024-04-25 19:16:11] Archivo: ./archivos/SU005_COMPRA01_25042024.csv procesado 
[2024-04-25 19:16:11] Archivo: ./archivos/SU005_COMPRA01_25042024.csv procesado 
[2024-04-25 19:16:11] Archivo: ./archivos/SU005_COMPRA01_25042024.csv procesado 
[2024-04-25 19:16:11] Archivo: ./archivos/SU005_COMPRA01_25042024.csv procesado 
[2024-04-25 19:16:11] Archivo: ./archivos/SU005_COMPRA01_25042024.csv procesado 
[2024-04-25 19:16:11] Archivo: ./archivos/SU005_COMPRA01_25042024.csv procesado 
[2024-04-25 19:16:11] Archivo: ./archivos/SU005_COMPRA01_25042024.csv procesado 
[2024-04-25 19:16:11] Archivo: ./archivos/SU005_COMPRA01_25042024.csv procesado 
[2024-04-25 19:16:11] Archivo: ./archivos/SU005_COMPRA01_25042024.csv procesado 
[2024-04-25 19:16:11] Archivo: ./archivos/SU005_COMPRA01_25042024.csv procesado 
[2024-04-25 19:16:11] Archivo: ./archivos/SU005_COMPRA01_25042024.csv procesado 
[2024-04-25 19:16:11] Archivo: ./archivos/SU005_COMPRA01_25042024.csv procesado 
[2024-04-25 19:16:11] Archivo: ./archivos/SU005_COMPRA01_25042024.csv procesado 
[2024-04-25 19:16:11] Archivo: ./archivos/SU005_COMPRA01_25042024.csv procesado 
[2024-04-25 19:16:11] Archivo: ./archivos/SU005_COMPRA01_25042024.csv procesado 
[2024-04-25 19:16:11] Archivo: ./archivos/SU005_COMPRA01_25042024.csv procesado 
[2024-04-25 19:16:11] Archivo: ./archivos/SU005_COMPRA01_25042024.csv procesado 
[2024-04-25 19:16:11] Archivo: ./archivos/SU005_COMPRA01_25042024.csv procesado 
[2024-04-25 19:16:11] Archivo: ./archivos/SU005_COMPRA01_25042024.csv procesado 
[2024-04-25 19:16:11] Archivo: ./archivos/SU005_COMPRA01_25042024.csv procesado 
[2024-04-25 19:16:11] Archivo: ./archivos/SU005_COMPRA01_25042024.csv procesado 
[2024-04-25 19:16:11] Archivo: ./archivos/SU005_COMPRA01_25042024.csv procesado 
[2024-04-25 19:16:11] Archivo: ./archivos/SU005_COMPRA01_25042024.csv procesado 
[2024-04-25 19:16:11] Archivo: ./archivos/SU005_COMPRA01_25042024.csv procesado 
[2024-04-25 19:16:11] Archivo: ./archivos/SU005_COMPRA01_25042024.csv procesado 
[2024-04-25 19:16:11] Archivo: ./archivos/SU005_COMPRA01_25042024.csv procesado 
[2024-04-25 19:16:11] Archivo: ./archivos/SU005_COMPRA01_25042024.csv procesado 
[2024-04-25 19:16:11] Procesando sucursal : SU002
[2024-04-25 19:16:11] Archivo: ./archivos/SU002_COMPRA06_25042024.csv procesado 
[2024-04-25 19:16:11] Archivo: ./archivos/SU002_COMPRA06_25042024.csv procesado 
[2024-04-25 19:16:11] Archivo: ./archivos/SU002_COMPRA06_25042024.csv procesado 
[2024-04-25 19:16:11] Archivo: ./archivos/SU002_COMPRA06_25042024.csv procesado 
[2024-04-25 19:16:11] Archivo: ./archivos/SU002_COMPRA06_25042024.csv procesado 
[2024-04-25 19:16:11] Archivo: ./archivos/SU002_COMPRA06_25042024.csv procesado 
[2024-04-25 19:16:11] Archivo: ./archivos/SU002_COMPRA06_25042024.csv procesado 
[2024-04-25 19:16:11] Archivo: ./archivos/SU002_COMPRA06_25042024.csv procesado 
[2024-04-25 19:16:11] Archivo: ./archivos/SU002_COMPRA06_25042024.csv procesado 
[2024-04-25 19:16:11] Archivo: ./archivos/SU002_COMPRA06_25042024.csv procesado 
[2024-04-25 19:16:11] Archivo: ./archivos/SU002_COMPRA06_25042024.csv procesado 
[2024-04-25 19:16:11] Archivo: ./archivos/SU002_COMPRA06_25042024.csv procesado 
[2024-04-25 19:16:11] Archivo: ./archivos/SU002_COMPRA06_25042024.csv procesado 
[2024-04-25 19:16:11] Archivo: ./archivos/SU002_COMPRA06_25042024.csv procesado 
[2024-04-25 19:16:11] Archivo: ./archivos/SU002_COMPRA06_25042024.csv procesado 
[2024-04-25 19:16:11] Archivo: ./archivos/SU002_COMPRA06_25042024.csv procesado 
[2024-04-25 19:16:11] Archivo: ./archivos/SU002_COMPRA06_25042024.csv procesado 
[2024-04-25 19:16:11] Archivo: ./archivos/SU002_COMPRA06_25042024.csv procesado 
[2024-04-25 19:16:11] Archivo: ./archivos/SU002_COMPRA06_25042024.csv procesado 
[2024-04-25 19:16:11] Archivo: ./archivos/SU002_COMPRA06_25042024.csv procesado 
[2024-04-25 19:16:11] Archivo: ./archivos/SU002_COMPRA06_25042024.csv procesado 
[2024-04-25 19:16:11] Archivo: ./archivos/SU002_COMPRA06_25042024.csv procesado 
[2024-04-25 19:16:11] Archivo: ./archivos/SU002_COMPRA06_25042024.csv procesado 
[2024-04-25 19:16:11] Archivo: ./archivos/SU002_COMPRA06_25042024.csv procesado 
[2024-04-25 19:16:11] Archivo: ./archivos/SU002_COMPRA06_25042024.csv procesado 
[2024-04-25 19:16:11] Archivo: ./archivos/SU002_COMPRA06_25042024.csv procesado 
[2024-04-25 19:16:11] Archivo: ./archivos/SU002_COMPRA06_25042024.csv procesado 
[2024-04-25 19:16:11] Archivo: ./archivos/SU002_COMPRA06_25042024.csv procesado 
[2024-04-25 19:16:11] Archivo: ./archivos/SU002_COMPRA06_25042024.csv procesado 
[2024-04-25 19:16:11] Archivo: ./archivos/SU002_COMPRA06_25042024.csv procesado 
[2024-04-25 19:16:11] Archivo: ./archivos/SU002_COMPRA06_25042024.csv procesado 
[2024-04-25 19:16:11] Archivo: ./archivos/SU002_COMPRA06_25042024.csv procesado 
[2024-04-25 19:16:11] Archivo: ./archivos/SU002_COMPRA06_25042024.csv procesado 
[2024-04-25 19:16:11] Archivo: ./archivos/SU002_COMPRA06_25042024.csv procesado 
[2024-04-25 19:16:11] Archivo: ./archivos/SU002_COMPRA06_25042024.csv procesado 
[2024-04-25 19:16:11] Archivo: ./archivos/SU002_COMPRA06_25042024.csv procesado 
[2024-04-25 19:16:11] Archivo: ./archivos/SU002_COMPRA06_25042024.csv procesado 
[2024-04-25 19:16:11] Archivo: ./archivos/SU002_COMPRA06_25042024.csv procesado 
[2024-04-25 19:16:11] Archivo: ./archivos/SU002_COMPRA06_25042024.csv procesado 
[2024-04-25 19:16:11] Archivo: ./archivos/SU002_COMPRA06_25042024.csv procesado 
[2024-04-25 19:16:11] Archivo: ./archivos/SU002_COMPRA06_25042024.csv procesado 
[2024-04-25 19:16:11] Archivo: ./archivos/SU002_COMPRA06_25042024.csv procesado 
[2024-04-25 19:16:11] Archivo: ./archivos/SU002_COMPRA06_25042024.csv procesado 
[2024-04-25 19:16:11] Archivo: ./archivos/SU002_COMPRA06_25042024.csv procesado 
[2024-04-25 19:16:11] Archivo: ./archivos/SU002_COMPRA06_25042024.csv procesado 
[2024-04-25 19:16:11] Archivo: ./archivos/SU002_COMPRA06_25042024.csv procesado 
[2024-04-25 19:16:11] Archivo: ./archivos/SU002_COMPRA06_25042024.csv procesado 
[2024-04-25 19:16:11] Archivo: ./archivos/SU002_COMPRA06_25042024.csv procesado 
[2024-04-25 19:16:11] Archivo: ./archivos/SU002_COMPRA06_25042024.csv procesado 
[2024-04-25 19:16:11] Archivo: ./archivos/SU002_COMPRA06_25042024.csv procesado 
[2024-04-25 19:16:11] Procesando sucursal : SU003
[2024-04-25 19:16:11] Archivo: ./archivos/SU003_COMPRA02_25042024.csv procesado 
[2024-04-25 19:16:11] Archivo: ./archivos/SU003_COMPRA02_25042024.csv procesado 
[2024-04-25 19:16:11] Archivo: ./archivos/SU003_COMPRA02_25042024.csv procesado 
[2024-04-25 19:16:11] Archivo: ./archivos/SU003_COMPRA02_25042024.csv procesado 
[2024-04-25 19:16:11] Archivo: ./archivos/SU003_COMPRA02_25042024.csv procesado 
[2024-04-25 19:16:11] Archivo: ./archivos/SU003_COMPRA02_25042024.csv procesado 
[2024-04-25 19:16:11] Archivo: ./archivos/SU003_COMPRA02_25042024.csv procesado 
[2024-04-25 19:16:11] Archivo: ./archivos/SU003_COMPRA02_25042024.csv procesado 
[2024-04-25 19:16:11] Archivo: ./archivos/SU003_COMPRA02_25042024.csv procesado 
[2024-04-25 19:16:11] Archivo: ./archivos/SU003_COMPRA02_25042024.csv procesado 
[2024-04-25 19:16:11] Archivo: ./archivos/SU003_COMPRA02_25042024.csv procesado 
[2024-04-25 19:16:11] Archivo: ./archivos/SU003_COMPRA02_25042024.csv procesado 
[2024-04-25 19:16:11] Archivo: ./archivos/SU003_COMPRA02_25042024.csv procesado 
[2024-04-25 19:16:11] Archivo: ./archivos/SU003_COMPRA02_25042024.csv procesado 
[2024-04-25 19:16:11] Archivo: ./archivos/SU003_COMPRA02_25042024.csv procesado 
[2024-04-25 19:16:11] Archivo: ./archivos/SU003_COMPRA02_25042024.csv procesado 
[2024-04-25 19:16:11] Archivo: ./archivos/SU003_COMPRA02_25042024.csv procesado 
[2024-04-25 19:16:11] Archivo: ./archivos/SU003_COMPRA02_25042024.csv procesado 
[2024-04-25 19:16:11] Archivo: ./archivos/SU003_COMPRA02_25042024.csv procesado 
[2024-04-25 19:16:11] Archivo: ./archivos/SU003_COMPRA02_25042024.csv procesado 
[2024-04-25 19:16:11] Archivo: ./archivos/SU003_COMPRA02_25042024.csv procesado 
[2024-04-25 19:16:11] Archivo: ./archivos/SU003_COMPRA02_25042024.csv procesado 
[2024-04-25 19:16:11] Archivo: ./archivos/SU003_COMPRA02_25042024.csv procesado 
[2024-04-25 19:16:11] Archivo: ./archivos/SU003_COMPRA02_25042024.csv procesado 
[2024-04-25 19:16:11] Archivo: ./archivos/SU003_COMPRA02_25042024.csv procesado 
[2024-04-25 19:16:11] Archivo: ./archivos/SU003_COMPRA02_25042024.csv procesado 
[2024-04-25 19:16:11] Archivo: ./archivos/SU003_COMPRA02_25042024.csv procesado 
[2024-04-25 19:16:11] Archivo: ./archivos/SU003_COMPRA02_25042024.csv procesado 
[2024-04-25 19:16:11] Archivo: ./archivos/SU003_COMPRA02_25042024.csv procesado 
[2024-04-25 19:16:11] Archivo: ./archivos/SU003_COMPRA02_25042024.csv procesado 
[2024-04-25 19:16:11] Archivo: ./archivos/SU003_COMPRA02_25042024.csv procesado 
[2024-04-25 19:16:11] Archivo: ./archivos/SU003_COMPRA02_25042024.csv procesado 
[2024-04-25 19:16:11] Archivo: ./archivos/SU003_COMPRA02_25042024.csv procesado 
[2024-04-25 19:16:11] Archivo: ./archivos/SU003_COMPRA02_25042024.csv procesado 
[2024-04-25 19:16:11] Archivo: ./archivos/SU003_COMPRA02_25042024.csv procesado 
[2024-04-25 19:16:11] Archivo: ./archivos/SU003_COMPRA02_25042024.csv procesado 
[2024-04-25 19:16:11] Archivo: ./archivos/SU003_COMPRA02_25042024.csv procesado 
[2024-04-25 19:16:11] Archivo: ./archivos/SU003_COMPRA02_25042024.csv procesado 
[2024-04-25 19:16:11] Archivo: ./archivos/SU003_COMPRA02_25042024.csv procesado 
[2024-04-25 19:16:11] Archivo: ./archivos/SU003_COMPRA02_25042024.csv procesado 
[2024-04-25 19:16:11] Archivo: ./archivos/SU003_COMPRA02_25042024.csv procesado 
[2024-04-25 19:16:11] Archivo: ./archivos/SU003_COMPRA02_25042024.csv procesado 
[2024-04-25 19:16:11] Archivo: ./archivos/SU003_COMPRA02_25042024.csv procesado 
[2024-04-25 19:16:11] Archivo: ./archivos/SU003_COMPRA02_25042024.csv procesado 
[2024-04-25 19:16:11] Archivo: ./archivos/SU003_COMPRA02_25042024.csv procesado 
[2024-04-25 19:16:11] Archivo: ./archivos/SU003_COMPRA02_25042024.csv procesado 
[2024-04-25 19:16:11] Archivo: ./archivos/SU003_COMPRA02_25042024.csv procesado 
[2024-04-25 19:16:11] Archivo: ./archivos/SU003_COMPRA02_25042024.csv procesado 
[2024-04-25 19:16:11] Archivo: ./archivos/SU003_COMPRA02_25042024.csv procesado 
[2024-04-25 19:16:11] Archivo: ./archivos/SU003_COMPRA02_25042024.csv procesado 
[2024-04-25 19:16:11] Procesando sucursal : SU001
[2024-04-25 19:16:11] Archivo: ./archivos/SU001_COMPRA05_25042024.csv procesado 
[2024-04-25 19:16:11] Archivo: ./archivos/SU001_COMPRA05_25042024.csv procesado 
[2024-04-25 19:16:11] Archivo: ./archivos/SU001_COMPRA05_25042024.csv procesado 
[2024-04-25 19:16:11] Archivo: ./archivos/SU001_COMPRA05_25042024.csv procesado 
[2024-04-25 19:16:11] Archivo: ./archivos/SU001_COMPRA05_25042024.csv procesado 
[2024-04-25 19:16:11] Archivo: ./archivos/SU001_COMPRA05_25042024.csv procesado 
[2024-04-25 19:16:11] Archivo: ./archivos/SU001_COMPRA05_25042024.csv procesado 
[2024-04-25 19:16:11] Archivo: ./archivos/SU001_COMPRA05_25042024.csv procesado 
[2024-04-25 19:16:11] Archivo: ./archivos/SU001_COMPRA05_25042024.csv procesado 
[2024-04-25 19:16:11] Archivo: ./archivos/SU001_COMPRA05_25042024.csv procesado 
[2024-04-25 19:16:11] Archivo: ./archivos/SU001_COMPRA05_25042024.csv procesado 
[2024-04-25 19:16:11] Archivo: ./archivos/SU001_COMPRA05_25042024.csv procesado 
[2024-04-25 19:16:11] Archivo: ./archivos/SU001_COMPRA05_25042024.csv procesado 
[2024-04-25 19:16:11] Archivo: ./archivos/SU001_COMPRA05_25042024.csv procesado 
[2024-04-25 19:16:11] Archivo: ./archivos/SU001_COMPRA05_25042024.csv procesado 
[2024-04-25 19:16:11] Archivo: ./archivos/SU001_COMPRA05_25042024.csv procesado 
[2024-04-25 19:16:11] Archivo: ./archivos/SU001_COMPRA05_25042024.csv procesado 
[2024-04-25 19:16:11] Archivo: ./archivos/SU001_COMPRA05_25042024.csv procesado 
[2024-04-25 19:16:11] Archivo: ./archivos/SU001_COMPRA05_25042024.csv procesado 
[2024-04-25 19:16:11] Archivo: ./archivos/SU001_COMPRA05_25042024.csv procesado 
[2024-04-25 19:16:11] Archivo: ./archivos/SU001_COMPRA05_25042024.csv procesado 
[2024-04-25 19:16:11] Archivo: ./archivos/SU001_COMPRA05_25042024.csv procesado 
[2024-04-25 19:16:11] Archivo: ./archivos/SU001_COMPRA05_25042024.csv procesado 
[2024-04-25 19:16:11] Archivo: ./archivos/SU001_COMPRA05_25042024.csv procesado 
[2024-04-25 19:16:11] Archivo: ./archivos/SU001_COMPRA05_25042024.csv procesado 
[2024-04-25 19:16:11] Archivo: ./archivos/SU001_COMPRA05_25042024.csv procesado 
[2024-04-25 19:16:11] Archivo: ./archivos/SU001_COMPRA05_25042024.csv procesado 
[2024-04-25 19:16:11] Archivo: ./archivos/SU001_COMPRA05_25042024.csv procesado 
[2024-04-25 19:16:11] Archivo: ./archivos/SU001_COMPRA05_25042024.csv procesado 
[2024-04-25 19:16:11] Archivo: ./archivos/SU001_COMPRA05_25042024.csv procesado 
[2024-04-25 19:16:11] Archivo: ./archivos/SU001_COMPRA05_25042024.csv procesado 
[2024-04-25 19:16:11] Archivo: ./archivos/SU001_COMPRA05_25042024.csv procesado 
[2024-04-25 19:16:11] Archivo: ./archivos/SU001_COMPRA05_25042024.csv procesado 
[2024-04-25 19:16:11] Archivo: ./archivos/SU001_COMPRA05_25042024.csv procesado 
[2024-04-25 19:16:11] Archivo: ./archivos/SU001_COMPRA05_25042024.csv procesado 
[2024-04-25 19:16:11] Archivo: ./archivos/SU001_COMPRA05_25042024.csv procesado 
[2024-04-25 19:16:11] Archivo: ./archivos/SU001_COMPRA05_25042024.csv procesado 
[2024-04-25 19:16:11] Archivo: ./archivos/SU001_COMPRA05_25042024.csv procesado 
[2024-04-25 19:16:11] Archivo: ./archivos/SU001_COMPRA05_25042024.csv procesado 
[2024-04-25 19:16:11] Archivo: ./archivos/SU001_COMPRA05_25042024.csv procesado 
[2024-04-25 19:16:11] Archivo: ./archivos/SU001_COMPRA05_25042024.csv procesado 
[2024-04-25 19:16:11] Archivo: ./archivos/SU001_COMPRA05_25042024.csv procesado 
[2024-04-25 19:16:11] Archivo: ./archivos/SU001_COMPRA05_25042024.csv procesado 
[2024-04-25 19:16:11] Archivo: ./archivos/SU001_COMPRA05_25042024.csv procesado 
[2024-04-25 19:16:11] Archivo: ./archivos/SU001_COMPRA05_25042024.csv procesado 
[2024-04-25 19:16:11] Archivo: ./archivos/SU001_COMPRA05_25042024.csv procesado 
[2024-04-25 19:16:11] Archivo: ./archivos/SU001_COMPRA05_25042024.csv procesado 
[2024-04-25 19:16:11] Archivo: ./archivos/SU001_COMPRA05_25042024.csv procesado 
[2024-04-25 19:16:11] Archivo: ./archivos/SU001_COMPRA05_25042024.csv procesado 
[2024-04-25 19:16:11] Archivo: ./archivos/SU001_COMPRA05_25042024.csv procesado 
[2024-04-25 19:16:21] PATH FILE: ./archivos
[2024-04-25 19:16:21] INVENTORY FILES: file_001.csv
[2024-04-25 19:16:21] LOG FILE: file_log.log
[2024-04-25 19:16:21] NUM SUCURSALES: 5
[2024-04-25 19:16:21] NUM PROCESOS: 5
[2024-04-25 19:16:21] SIMULATE SLEEP: 10
[2024-04-25 19:16:21] Archivos creados correctamente: consolidado.csv y file_log.log
[2024-04-25 19:16:21] Procesando sucursal : SU001
[2024-04-25 19:16:21] Procesando sucursal : SU003
[2024-04-25 19:16:21] Procesando sucursal : SU004
[2024-04-25 19:16:21] Procesando sucursal : SU005
[2024-04-25 19:16:21] Procesando sucursal : SU002
[2024-04-25 19:16:31] PATH FILE: ./archivos
[2024-04-25 19:16:31] INVENTORY FILES: file_001.csv
[2024-04-25 19:16:31] LOG FILE: file_log.log
[2024-04-25 19:16:31] NUM SUCURSALES: 5
[2024-04-25 19:16:31] NUM PROCESOS: 5
[2024-04-25 19:16:31] SIMULATE SLEEP: 10
[2024-04-25 19:16:31] Archivos creados correctamente: consolidado.csv y file_log.log
[2024-04-25 19:16:31] Procesando sucursal : SU002
[2024-04-25 19:16:31] Procesando sucursal : SU001
[2024-04-25 19:16:31] Procesando sucursal : SU004
[2024-04-25 19:16:31] Procesando sucursal : SU005
[2024-04-25 19:16:31] Procesando sucursal : SU003
[2024-04-25 19:16:31] Archivo: ./archivos/SU003_COMPRA06_25042024.csv procesado 
[2024-04-25 19:16:31] Archivo: ./archivos/SU003_COMPRA06_25042024.csv procesado 
[2024-04-25 19:16:31] Archivo: ./archivos/SU003_COMPRA06_25042024.csv procesado 
[2024-04-25 19:16:31] Archivo: ./archivos/SU003_COMPRA06_25042024.csv procesado 
[2024-04-25 19:16:31] Archivo: ./archivos/SU003_COMPRA06_25042024.csv procesado 
[2024-04-25 19:16:31] Archivo: ./archivos/SU003_COMPRA06_25042024.csv procesado 
[2024-04-25 19:16:31] Archivo: ./archivos/SU003_COMPRA06_25042024.csv procesado 
[2024-04-25 19:16:31] Archivo: ./archivos/SU003_COMPRA06_25042024.csv procesado 
[2024-04-25 19:16:31] Archivo: ./archivos/SU003_COMPRA06_25042024.csv procesado 
[2024-04-25 19:16:31] Archivo: ./archivos/SU003_COMPRA06_25042024.csv procesado 
[2024-04-25 19:16:31] Archivo: ./archivos/SU003_COMPRA06_25042024.csv procesado 
[2024-04-25 19:16:31] Archivo: ./archivos/SU003_COMPRA06_25042024.csv procesado 
[2024-04-25 19:16:31] Archivo: ./archivos/SU003_COMPRA06_25042024.csv procesado 
[2024-04-25 19:16:31] Archivo: ./archivos/SU003_COMPRA06_25042024.csv procesado 
[2024-04-25 19:16:31] Archivo: ./archivos/SU003_COMPRA06_25042024.csv procesado 
[2024-04-25 19:16:31] Archivo: ./archivos/SU003_COMPRA06_25042024.csv procesado 
[2024-04-25 19:16:31] Archivo: ./archivos/SU003_COMPRA06_25042024.csv procesado 
[2024-04-25 19:16:31] Archivo: ./archivos/SU003_COMPRA06_25042024.csv procesado 
[2024-04-25 19:16:31] Archivo: ./archivos/SU003_COMPRA06_25042024.csv procesado 
[2024-04-25 19:16:31] Archivo: ./archivos/SU003_COMPRA06_25042024.csv procesado 
[2024-04-25 19:16:31] Archivo: ./archivos/SU003_COMPRA06_25042024.csv procesado 
[2024-04-25 19:16:31] Archivo: ./archivos/SU003_COMPRA06_25042024.csv procesado 
[2024-04-25 19:16:31] Archivo: ./archivos/SU003_COMPRA06_25042024.csv procesado 
[2024-04-25 19:16:31] Archivo: ./archivos/SU003_COMPRA06_25042024.csv procesado 
[2024-04-25 19:16:31] Archivo: ./archivos/SU003_COMPRA06_25042024.csv procesado 
[2024-04-25 19:16:31] Archivo: ./archivos/SU003_COMPRA06_25042024.csv procesado 
[2024-04-25 19:16:31] Archivo: ./archivos/SU003_COMPRA06_25042024.csv procesado 
[2024-04-25 19:16:31] Archivo: ./archivos/SU003_COMPRA06_25042024.csv procesado 
[2024-04-25 19:16:31] Archivo: ./archivos/SU003_COMPRA06_25042024.csv procesado 
[2024-04-25 19:16:31] Archivo: ./archivos/SU003_COMPRA06_25042024.csv procesado 
[2024-04-25 19:16:41] PATH FILE: ./archivos
[2024-04-25 19:16:41] INVENTORY FILES: file_001.csv
[2024-04-25 19:16:41] LOG FILE: file_log.log
[2024-04-25 19:16:41] NUM SUCURSALES: 5
[2024-04-25 19:16:41] NUM PROCESOS: 5
[2024-04-25 19:16:41] SIMULATE SLEEP: 10
[2024-04-25 19:16:41] Archivos creados correctamente: consolidado.csv y file_log.log
[2024-04-25 19:16:41] Procesando sucursal : SU004
[2024-04-25 19:16:41] Procesando sucursal : SU001
[2024-04-25 19:16:41] Procesando sucursal : SU002
[2024-04-25 19:16:41] Procesando sucursal : SU005
[2024-04-25 19:16:41] Procesando sucursal : SU003
[2024-04-25 19:16:51] PATH FILE: ./archivos
[2024-04-25 19:16:51] INVENTORY FILES: file_001.csv
[2024-04-25 19:16:51] LOG FILE: file_log.log
[2024-04-25 19:16:51] NUM SUCURSALES: 5
[2024-04-25 19:16:51] NUM PROCESOS: 5
[2024-04-25 19:16:51] SIMULATE SLEEP: 10
[2024-04-25 19:16:51] Archivos creados correctamente: consolidado.csv y file_log.log
[2024-04-25 19:16:51] Procesando sucursal : SU002
[2024-04-25 19:16:51] Procesando sucursal : SU004
[2024-04-25 19:16:51] Procesando sucursal : SU005
[2024-04-25 19:16:51] Procesando sucursal : SU003
[2024-04-25 19:16:51] Procesando sucursal : SU001
[2024-04-25 19:16:51] Archivo: ./archivos/SU001_COMPRA09_25042024.csv procesado 
[2024-04-25 19:16:51] Archivo: ./archivos/SU001_COMPRA09_25042024.csv procesado 
[2024-04-25 19:16:51] Archivo: ./archivos/SU001_COMPRA09_25042024.csv procesado 
[2024-04-25 19:16:51] Archivo: ./archivos/SU001_COMPRA09_25042024.csv procesado 
[2024-04-25 19:16:51] Archivo: ./archivos/SU001_COMPRA09_25042024.csv procesado 
[2024-04-25 19:16:51] Archivo: ./archivos/SU001_COMPRA09_25042024.csv procesado 
[2024-04-25 19:16:51] Archivo: ./archivos/SU001_COMPRA09_25042024.csv procesado 
[2024-04-25 19:16:51] Archivo: ./archivos/SU001_COMPRA09_25042024.csv procesado 
[2024-04-25 19:16:51] Archivo: ./archivos/SU001_COMPRA09_25042024.csv procesado 
[2024-04-25 19:16:51] Archivo: ./archivos/SU001_COMPRA09_25042024.csv procesado 
[2024-04-25 19:16:51] Archivo: ./archivos/SU001_COMPRA09_25042024.csv procesado 
[2024-04-25 19:16:51] Archivo: ./archivos/SU001_COMPRA09_25042024.csv procesado 
[2024-04-25 19:16:51] Archivo: ./archivos/SU001_COMPRA09_25042024.csv procesado 
[2024-04-25 19:16:51] Archivo: ./archivos/SU001_COMPRA09_25042024.csv procesado 
[2024-04-25 19:16:51] Archivo: ./archivos/SU001_COMPRA09_25042024.csv procesado 
[2024-04-25 19:16:51] Archivo: ./archivos/SU001_COMPRA09_25042024.csv procesado 
[2024-04-25 19:16:51] Archivo: ./archivos/SU001_COMPRA09_25042024.csv procesado 
[2024-04-25 19:16:51] Archivo: ./archivos/SU001_COMPRA09_25042024.csv procesado 
[2024-04-25 19:16:51] Archivo: ./archivos/SU001_COMPRA09_25042024.csv procesado 
[2024-04-25 19:16:51] Archivo: ./archivos/SU001_COMPRA09_25042024.csv procesado 
[2024-04-25 19:16:51] Archivo: ./archivos/SU001_COMPRA09_25042024.csv procesado 
[2024-04-25 19:16:51] Archivo: ./archivos/SU001_COMPRA09_25042024.csv procesado 
[2024-04-25 19:16:51] Archivo: ./archivos/SU001_COMPRA09_25042024.csv procesado 
[2024-04-25 19:16:51] Archivo: ./archivos/SU001_COMPRA09_25042024.csv procesado 
[2024-04-25 19:16:51] Archivo: ./archivos/SU001_COMPRA09_25042024.csv procesado 
[2024-04-25 19:16:51] Archivo: ./archivos/SU001_COMPRA09_25042024.csv procesado 
[2024-04-25 19:16:51] Archivo: ./archivos/SU001_COMPRA09_25042024.csv procesado 
[2024-04-25 19:16:51] Archivo: ./archivos/SU001_COMPRA09_25042024.csv procesado 
[2024-04-25 19:16:51] Archivo: ./archivos/SU001_COMPRA09_25042024.csv procesado 
[2024-04-25 19:16:51] Archivo: ./archivos/SU001_COMPRA09_25042024.csv procesado 
[2024-04-25 19:16:51] Archivo: ./archivos/SU001_COMPRA09_25042024.csv procesado 
[2024-04-25 19:16:51] Archivo: ./archivos/SU001_COMPRA09_25042024.csv procesado 
[2024-04-25 19:16:51] Archivo: ./archivos/SU001_COMPRA09_25042024.csv procesado 
[2024-04-25 19:16:51] Archivo: ./archivos/SU001_COMPRA09_25042024.csv procesado 
[2024-04-25 19:16:51] Archivo: ./archivos/SU001_COMPRA09_25042024.csv procesado 
[2024-04-25 19:16:51] Archivo: ./archivos/SU001_COMPRA09_25042024.csv procesado 
[2024-04-25 19:16:51] Archivo: ./archivos/SU001_COMPRA09_25042024.csv procesado 
[2024-04-25 19:16:51] Archivo: ./archivos/SU001_COMPRA09_25042024.csv procesado 
[2024-04-25 19:16:51] Archivo: ./archivos/SU001_COMPRA09_25042024.csv procesado 
[2024-04-25 19:16:51] Archivo: ./archivos/SU001_COMPRA09_25042024.csv procesado 
[2024-04-25 19:17:01] PATH FILE: ./archivos
[2024-04-25 19:17:01] INVENTORY FILES: file_001.csv
[2024-04-25 19:17:01] LOG FILE: file_log.log
[2024-04-25 19:17:01] NUM SUCURSALES: 5
[2024-04-25 19:17:01] NUM PROCESOS: 5
[2024-04-25 19:17:01] SIMULATE SLEEP: 10
[2024-04-25 19:17:01] Archivos creados correctamente: consolidado.csv y file_log.log
[2024-04-25 19:17:01] Procesando sucursal : SU003
[2024-04-25 19:17:01] Procesando sucursal : SU002
[2024-04-25 19:17:01] Procesando sucursal : SU001
[2024-04-25 19:17:01] Procesando sucursal : SU004
[2024-04-25 19:17:01] Procesando sucursal : SU005
